<?xml version="1.0" encoding="UTF-8"?>
<coverage generated="1689814676044" clover="3.2.0">
  <project timestamp="1689814676044" name="All files">
    <metrics statements="14" coveredstatements="14" conditionals="6" coveredconditionals="6" methods="6" coveredmethods="6" elements="26" coveredelements="26" complexity="0" loc="14" ncloc="14" packages="1" files="3" classes="3"/>
    <file name="task1.js" path="C:\Users\user\Desktop\Programming\Microverse\CourseStarted\Testing-practice\task1.js">
      <metrics statements="5" coveredstatements="5" conditionals="4" coveredconditionals="4" methods="1" coveredmethods="1"/>
      <line num="1" count="1" type="stmt"/>
      <line num="2" count="6" type="cond" truecount="4" falsecount="0"/>
      <line num="3" count="4" type="stmt"/>
      <line num="6" count="2" type="stmt"/>
      <line num="9" count="1" type="stmt"/>
    </file>
    <file name="task2.js" path="C:\Users\user\Desktop\Programming\Microverse\CourseStarted\Testing-practice\task2.js">
      <metrics statements="3" coveredstatements="3" conditionals="0" coveredconditionals="0" methods="1" coveredmethods="1"/>
      <line num="1" count="1" type="stmt"/>
      <line num="2" count="5" type="stmt"/>
      <line num="5" count="1" type="stmt"/>
    </file>
    <file name="task3.js" path="C:\Users\user\Desktop\Programming\Microverse\CourseStarted\Testing-practice\task3.js">
      <metrics statements="6" coveredstatements="6" conditionals="2" coveredconditionals="2" methods="4" coveredmethods="4"/>
      <line num="3" count="3" type="stmt"/>
      <line num="7" count="3" type="stmt"/>
      <line num="11" count="3" type="cond" truecount="2" falsecount="0"/>
      <line num="12" count="2" type="stmt"/>
      <line num="16" count="3" type="stmt"/>
      <line num="20" count="1" type="stmt"/>
    </file>
  </project>
</coverage>
